[2026-05-10 11:11:01] 开始执行首次推送脚本
============================================================
Git: 首次上传到 main 分支（Token 认证）
============================================================
[2026-05-10 11:11:01] [1/7] Git 仓库已存在，跳过初始化...
[2026-05-10 11:11:01] 配置 git 用户信息...
[2026-05-10 11:11:01] [2/7] 配置远程仓库（Token 认证）...
[2026-05-10 11:11:01] [3/7] 添加文件到暂存区...
[2026-05-10 11:11:01] [4/7] 暂存文件状态:
M  .gitignore
AM git_push_first_20260510_111101.log
M  git_update_20260510_110806.log
[2026-05-10 11:11:01] [5/7] 提交到 main 分支...
[main 71a2766] Phase 1: 语义近邻图工程初始化
 3 files changed, 24 insertions(+)
 create mode 100644 git_push_first_20260510_111101.log
[2026-05-10 11:11:01] [6/7] 推送到 origin/main（最多重试3次）...
remote: error: GH013: Repository rule violations found for refs/heads/main.        
remote: 
remote: - GITHUB PUSH PROTECTION        
remote:   —————————————————————————————————————————        
remote:     Resolve the following violations before pushing again        
remote: 
remote:     - Push cannot contain secrets        
remote: 
remote:             
remote:      (?) Learn how to resolve a blocked push        
remote:      https://docs.github.com/code-security/secret-scanning/working-with-secret-scanning-and-push-protection/working-with-push-protection-from-the-command-line#resolving-a-blocked-push        
remote:             
remote:             
remote:       —— GitHub Personal Access Token ——————————————————————        
remote:        locations:        
remote:          - commit: d363657205132af9472acefc4eab4f99be3875fc        
remote:            path: scripts/git_push_to_main.sh:10        
remote:          - commit: d363657205132af9472acefc4eab4f99be3875fc        
remote:            path: scripts/git_update_main.sh:10        
remote:             
remote:        (?) To push, remove secret from commit(s) or follow this URL to allow the secret.        
remote:        https://github.com/789453/stock_graph_research/security/secret-scanning/unblock-secret/3DW0l7c8wsR5pWffC0YQ7gZ9Cfi        
remote:             
remote: 
remote: 
To https://github.com/789453/stock_graph_research.git
 ! [remote rejected] main -> main (push declined due to repository rule violations)
error: failed to push some refs to 'https://github.com/789453/stock_graph_research.git'
