[2026-05-10 17:24:55] 开始执行增量更新脚本
============================================================
Git: 增量更新到 main 分支（Token 认证）
本次更新备注：phase2 基本完成
============================================================
[2026-05-10 17:24:55] [1/5] 配置远程仓库（Token 认证）...
[2026-05-10 17:24:55] 已更新远程仓库地址为 Token 认证方式
[2026-05-10 17:24:55] 配置 git 用户信息...
[2026-05-10 17:24:55] [2/5] 添加文件到暂存区...
[2026-05-10 17:24:55] [3/5] 变更文件状态:
D  git_update_20260510_151917.log
D  git_update_20260510_172315.log
AM git_update_20260510_172455.log
[2026-05-10 17:24:55] [4/5] 提交变更...
[main 1fe2c50] [2026-05-10 17:24:55] phase2 基本完成
 3 files changed, 9 insertions(+), 15 deletions(-)
 delete mode 100644 git_update_20260510_151917.log
 delete mode 100644 git_update_20260510_172315.log
 create mode 100644 git_update_20260510_172455.log
[2026-05-10 17:24:55] [5/5] 推送到 origin/main（最多重试3次）...
